Arguments: 
  /usr/local/bin/node /usr/local/Cellar/yarn/1.5.1_1/libexec/bin/yarn.js dev

PATH: 
  /Users/harry/.rvm/gems/ruby-2.4.1/bin:/Users/harry/.rvm/gems/ruby-2.4.1@global/bin:/Users/harry/.rvm/rubies/ruby-2.4.1/bin:/miniconda3/bin:/usr/local/bin:/usr/bin:/bin:/usr/sbin:/sbin:/usr/local/go/bin:/opt/X11/bin:/Users/harry/.rvm/bin

Yarn version: 
  1.5.1

Node version: 
  12.16.2

Platform: 
  darwin x64

npm manifest: 
  {
    "private": true,
    "dependencies": {
      "react-time-picker": "^3.9.0",
      "react-toggle": "^4.1.1",
      "tailwindcss": "^1.5.1"
    },
    "devDependencies": {
      "@babel/core": "^7.10.4",
      "@babel/preset-env": "^7.10.4",
      "@babel/preset-react": "^7.10.4",
      "babel-loader": "^8.1.0",
      "css-loader": "^3.6.0",
      "style-loader": "^1.2.1",
      "webpack": "^4.43.0",
      "webpack-cli": "^3.3.12"
    }
  }

yarn manifest: 
  No manifest

Lockfile: 
  No lockfile

Trace: 
  Error: Command "dev" not found.
      at new MessageError (/usr/local/Cellar/yarn/1.5.1_1/libexec/lib/cli.js:186:110)
      at /usr/local/Cellar/yarn/1.5.1_1/libexec/lib/cli.js:87307:17
      at Generator.next (<anonymous>)
      at step (/usr/local/Cellar/yarn/1.5.1_1/libexec/lib/cli.js:98:30)
      at /usr/local/Cellar/yarn/1.5.1_1/libexec/lib/cli.js:116:14
      at new Promise (<anonymous>)
      at new F (/usr/local/Cellar/yarn/1.5.1_1/libexec/lib/cli.js:23451:28)
      at /usr/local/Cellar/yarn/1.5.1_1/libexec/lib/cli.js:95:12
      at runCommand (/usr/local/Cellar/yarn/1.5.1_1/libexec/lib/cli.js:87312:22)
      at Object.<anonymous> (/usr/local/Cellar/yarn/1.5.1_1/libexec/lib/cli.js:87412:14)
